<?xml version="1.0" encoding="UTF-8"?>
<testsuite xmlns:xsi="http://www.w3.org/2001/XMLSchema-instance" xsi:noNamespaceSchemaLocation="https://maven.apache.org/surefire/maven-surefire-plugin/xsd/surefire-test-report-3.0.xsd" version="3.0" name="com.office.portal.leaves.LeavesApplicationTests" time="5.623" tests="1" errors="0" skipped="0" failures="0">
  <properties>
[...]
</properties>
  <testcase name="contextLoads" classname="com.office.portal.leaves.LeavesApplicationTests" time="0.526">
    <system-out><![CDATA[17:27:37.292 [main] INFO org.springframework.test.context.support.AnnotationConfigContextLoaderUtils -- Could not detect default configuration classes for test class [com.office.portal.leaves.LeavesApplicationTests]: LeavesApplicationTests does not declare any static, non-private, non-final, nested classes annotated with @Configuration.
17:27:37.400 [main] INFO org.springframework.boot.test.context.SpringBootTestContextBootstrapper -- Found @SpringBootConfiguration com.office.portal.leaves.LeavesApplication for test class com.office.portal.leaves.LeavesApplicationTests

  .   ____          _            __ _ _
 /\\ / ___'_ __ _ _(_)_ __  __ _ \ \ \ \
( ( )\___ | '_ | '_| | '_ \/ _` | \ \ \ \
 \\/  ___)| |_)| | | | | || (_| |  ) ) ) )
  '  |____| .__|_| |_|_| |_\__, | / / / /
 =========|_|==============|___/=/_/_/_/
 :: Spring Boot ::                (v3.2.5)

2024-05-25T17:27:37.787+05:30  INFO 14448 --- [leaves] [           main] c.o.p.leaves.LeavesApplicationTests      : Starting LeavesApplicationTests using Java 19 with PID 14448 (started by rohit in C:\Users\rohit\OneDrive\Desktop\Programming\Current\projects\CompanyPortal\leaves)
2024-05-25T17:27:37.788+05:30  INFO 14448 --- [leaves] [           main] c.o.p.leaves.LeavesApplicationTests      : No active profile set, falling back to 1 default profile: "default"
2024-05-25T17:27:38.469+05:30  INFO 14448 --- [leaves] [           main] .s.d.r.c.RepositoryConfigurationDelegate : Bootstrapping Spring Data JPA repositories in DEFAULT mode.
2024-05-25T17:27:38.558+05:30  INFO 14448 --- [leaves] [           main] .s.d.r.c.RepositoryConfigurationDelegate : Finished Spring Data repository scanning in 76 ms. Found 2 JPA repository interfaces.
2024-05-25T17:27:39.059+05:30  INFO 14448 --- [leaves] [           main] o.hibernate.jpa.internal.util.LogHelper  : HHH000204: Processing PersistenceUnitInfo [name: default]
2024-05-25T17:27:39.145+05:30  INFO 14448 --- [leaves] [           main] org.hibernate.Version                    : HHH000412: Hibernate ORM core version 6.4.4.Final
2024-05-25T17:27:39.192+05:30  INFO 14448 --- [leaves] [           main] o.h.c.internal.RegionFactoryInitiator    : HHH000026: Second-level cache disabled
2024-05-25T17:27:39.492+05:30  INFO 14448 --- [leaves] [           main] o.s.o.j.p.SpringPersistenceUnitInfo      : No LoadTimeWeaver setup: ignoring JPA class transformer
2024-05-25T17:27:39.532+05:30  INFO 14448 --- [leaves] [           main] com.zaxxer.hikari.HikariDataSource       : HikariPool-1 - Starting...
2024-05-25T17:27:39.894+05:30  INFO 14448 --- [leaves] [           main] com.zaxxer.hikari.pool.HikariPool        : HikariPool-1 - Added connection com.mysql.cj.jdbc.ConnectionImpl@5bb7a59
2024-05-25T17:27:39.896+05:30  INFO 14448 --- [leaves] [           main] com.zaxxer.hikari.HikariDataSource       : HikariPool-1 - Start completed.
2024-05-25T17:27:39.946+05:30  WARN 14448 --- [leaves] [           main] org.hibernate.orm.deprecation            : HHH90000025: MySQLDialect does not need to be specified explicitly using 'hibernate.dialect' (remove the property setting and it will be selected by default)
2024-05-25T17:27:40.829+05:30  INFO 14448 --- [leaves] [           main] o.h.e.t.j.p.i.JtaPlatformInitiator       : HHH000489: No JTA platform available (set 'hibernate.transaction.jta.platform' to enable JTA platform integration)
2024-05-25T17:27:40.874+05:30  INFO 14448 --- [leaves] [           main] j.LocalContainerEntityManagerFactoryBean : Initialized JPA EntityManagerFactory for persistence unit 'default'
2024-05-25T17:27:41.226+05:30  INFO 14448 --- [leaves] [           main] o.s.d.j.r.query.QueryEnhancerFactory     : Hibernate is in classpath; If applicable, HQL parser will be used.
2024-05-25T17:27:41.799+05:30  WARN 14448 --- [leaves] [           main] JpaBaseConfiguration$JpaWebConfiguration : spring.jpa.open-in-view is enabled by default. Therefore, database queries may be performed during view rendering. Explicitly configure spring.jpa.open-in-view to disable this warning
2024-05-25T17:27:42.211+05:30  INFO 14448 --- [leaves] [           main] c.o.p.leaves.LeavesApplicationTests      : Started LeavesApplicationTests in 4.655 seconds (process running for 5.552)
]]></system-out>
  </testcase>
</testsuite>